

Started GET "/movies?ratings%5BG%5D=1&ratings%5BPG-13%5D=1" for 127.0.0.1 at 2022-10-06 09:50:08 -0400
  [1m[36mActiveRecord::SchemaMigration Load (0.0ms)[0m  [1mSELECT "schema_migrations".* FROM "schema_migrations"[0m
Processing by MoviesController#index as HTML
  Parameters: {"ratings"=>{"G"=>"1", "PG-13"=>"1"}}
  [1m[35m (0.0ms)[0m  SELECT "movies"."rating" FROM "movies"
  Rendered movies/index.html.erb within layouts/application (0.5ms)
Completed 500 Internal Server Error in 11ms (ActiveRecord: 0.2ms)

SyntaxError (/Users/sribas/dev/edx/5.3-CHIPS-RottenPotatoes/RottenPotatoesChips5.3/app/views/movies/index.html.erb:9: syntax error, unexpected ')'
...ss: 'form-check-input' , id:  );@output_buffer.safe_append='
...                              ^
/Users/sribas/dev/edx/5.3-CHIPS-RottenPotatoes/RottenPotatoesChips5.3/app/views/movies/index.html.erb:11: syntax error, unexpected end, expecting ')'
'.freeze;   end 
            ^~~
/Users/sribas/dev/edx/5.3-CHIPS-RottenPotatoes/RottenPotatoesChips5.3/app/views/movies/index.html.erb:13: syntax error, unexpected end, expecting ')'
'.freeze; end 
          ^~~
/Users/sribas/dev/edx/5.3-CHIPS-RottenPotatoes/RottenPotatoesChips5.3/app/views/movies/index.html.erb:46: syntax error, unexpected ensure, expecting ')'
          ensure
          ^~~~~~
/Users/sribas/dev/edx/5.3-CHIPS-RottenPotatoes/RottenPotatoesChips5.3/app/views/movies/index.html.erb:48: syntax error, unexpected end, expecting ')'
          end
          ^~~):
  app/views/movies/index.html.erb:9: syntax error, unexpected ')'
  app/views/movies/index.html.erb:11: syntax error, unexpected end, expecting ')'
  app/views/movies/index.html.erb:13: syntax error, unexpected end, expecting ')'
  app/views/movies/index.html.erb:46: syntax error, unexpected ensure, expecting ')'
  app/views/movies/index.html.erb:48: syntax error, unexpected end, expecting ')'


  Rendered /opt/homebrew/lib/ruby/gems/2.6.0/gems/actionpack-4.2.11/lib/action_dispatch/middleware/templates/rescues/_source.erb (1.8ms)
  Rendered /opt/homebrew/lib/ruby/gems/2.6.0/gems/actionpack-4.2.11/lib/action_dispatch/middleware/templates/rescues/_trace.html.erb (0.9ms)
  Rendered /opt/homebrew/lib/ruby/gems/2.6.0/gems/actionpack-4.2.11/lib/action_dispatch/middleware/templates/rescues/_request_and_response.html.erb (0.4ms)
  Rendered /opt/homebrew/lib/ruby/gems/2.6.0/gems/actionpack-4.2.11/lib/action_dispatch/middleware/templates/rescues/diagnostics.html.erb within rescues/layout (9.3ms)
  Rendered /opt/homebrew/lib/ruby/gems/2.6.0/gems/web-console-2.3.0/lib/web_console/templates/_markup.html.erb (0.2ms)
  Rendered /opt/homebrew/lib/ruby/gems/2.6.0/gems/web-console-2.3.0/lib/web_console/templates/_inner_console_markup.html.erb within layouts/inlined_string (0.1ms)
  Rendered /opt/homebrew/lib/ruby/gems/2.6.0/gems/web-console-2.3.0/lib/web_console/templates/_prompt_box_markup.html.erb within layouts/inlined_string (0.1ms)
  Rendered /opt/homebrew/lib/ruby/gems/2.6.0/gems/web-console-2.3.0/lib/web_console/templates/style.css.erb within layouts/inlined_string (0.1ms)
  Rendered /opt/homebrew/lib/ruby/gems/2.6.0/gems/web-console-2.3.0/lib/web_console/templates/console.js.erb within layouts/javascript (8.3ms)
  Rendered /opt/homebrew/lib/ruby/gems/2.6.0/gems/web-console-2.3.0/lib/web_console/templates/main.js.erb within layouts/javascript (0.1ms)
  Rendered /opt/homebrew/lib/ruby/gems/2.6.0/gems/web-console-2.3.0/lib/web_console/templates/error_page.js.erb within layouts/javascript (0.1ms)
  Rendered /opt/homebrew/lib/ruby/gems/2.6.0/gems/web-console-2.3.0/lib/web_console/templates/index.html.erb (16.8ms)


Started GET "/movies?ratings%5BG%5D=1&ratings%5BPG-13%5D=1" for 127.0.0.1 at 2022-10-06 09:50:21 -0400
Processing by MoviesController#index as HTML
  Parameters: {"ratings"=>{"G"=>"1", "PG-13"=>"1"}}
  [1m[36m (0.2ms)[0m  [1mSELECT "movies"."rating" FROM "movies"[0m
  [1m[35mMovie Load (0.0ms)[0m  SELECT "movies".* FROM "movies" WHERE "movies"."rating" IN ('G', 'PG-13')
  Rendered movies/index.html.erb within layouts/application (3.6ms)
  Rendered layouts/_flash.erb (0.3ms)
Completed 200 OK in 155ms (Views: 152.7ms | ActiveRecord: 0.4ms)


Started GET "/movies?ratings%5BG%5D=1&ratings%5BPG-13%5D=1" for 127.0.0.1 at 2022-10-06 09:51:17 -0400
Processing by MoviesController#index as HTML
  Parameters: {"ratings"=>{"G"=>"1", "PG-13"=>"1"}}
  [1m[36m (0.5ms)[0m  [1mSELECT "movies"."rating" FROM "movies"[0m
  [1m[35mMovie Load (0.2ms)[0m  SELECT "movies".* FROM "movies" WHERE "movies"."rating" IN ('G', 'PG-13')
  Rendered movies/index.html.erb within layouts/application (4.2ms)
  Rendered layouts/_flash.erb (0.0ms)
Completed 200 OK in 37ms (Views: 32.5ms | ActiveRecord: 0.7ms)


Started GET "/show" for ::1 at 2022-10-06 19:57:43 -0400
  [1m[36mActiveRecord::SchemaMigration Load (0.1ms)[0m  [1mSELECT "schema_migrations".* FROM "schema_migrations"[0m

ActionController::RoutingError (No route matches [GET] "/show"):
  actionpack (4.2.11) lib/action_dispatch/middleware/debug_exceptions.rb:21:in `call'
  web-console (2.3.0) lib/web_console/middleware.rb:28:in `block in call'
  web-console (2.3.0) lib/web_console/middleware.rb:18:in `catch'
  web-console (2.3.0) lib/web_console/middleware.rb:18:in `call'
  actionpack (4.2.11) lib/action_dispatch/middleware/show_exceptions.rb:30:in `call'
  railties (4.2.11) lib/rails/rack/logger.rb:38:in `call_app'
  railties (4.2.11) lib/rails/rack/logger.rb:20:in `block in call'
  activesupport (4.2.11) lib/active_support/tagged_logging.rb:68:in `block in tagged'
  activesupport (4.2.11) lib/active_support/tagged_logging.rb:26:in `tagged'
  activesupport (4.2.11) lib/active_support/tagged_logging.rb:68:in `tagged'
  railties (4.2.11) lib/rails/rack/logger.rb:20:in `call'
  actionpack (4.2.11) lib/action_dispatch/middleware/request_id.rb:21:in `call'
  rack (1.6.13) lib/rack/methodoverride.rb:22:in `call'
  rack (1.6.13) lib/rack/runtime.rb:18:in `call'
  activesupport (4.2.11) lib/active_support/cache/strategy/local_cache_middleware.rb:28:in `call'
  rack (1.6.13) lib/rack/lock.rb:17:in `call'
  actionpack (4.2.11) lib/action_dispatch/middleware/static.rb:120:in `call'
  rack (1.6.13) lib/rack/sendfile.rb:113:in `call'
  railties (4.2.11) lib/rails/engine.rb:518:in `call'
  railties (4.2.11) lib/rails/application.rb:165:in `call'
  rack (1.6.13) lib/rack/lock.rb:17:in `call'
  rack (1.6.13) lib/rack/content_length.rb:15:in `call'
  rack (1.6.13) lib/rack/handler/webrick.rb:88:in `service'
  /opt/homebrew/Cellar/ruby@2.6/2.6.10/lib/ruby/2.6.0/webrick/httpserver.rb:140:in `service'
  /opt/homebrew/Cellar/ruby@2.6/2.6.10/lib/ruby/2.6.0/webrick/httpserver.rb:96:in `run'
  /opt/homebrew/Cellar/ruby@2.6/2.6.10/lib/ruby/2.6.0/webrick/server.rb:307:in `block in start_thread'


  Rendered /opt/homebrew/lib/ruby/gems/2.6.0/gems/actionpack-4.2.11/lib/action_dispatch/middleware/templates/rescues/_trace.html.erb (0.4ms)
  Rendered /opt/homebrew/lib/ruby/gems/2.6.0/gems/actionpack-4.2.11/lib/action_dispatch/middleware/templates/routes/_route.html.erb (0.3ms)
  Rendered /opt/homebrew/lib/ruby/gems/2.6.0/gems/actionpack-4.2.11/lib/action_dispatch/middleware/templates/routes/_table.html.erb (4.2ms)
  Rendered /opt/homebrew/lib/ruby/gems/2.6.0/gems/actionpack-4.2.11/lib/action_dispatch/middleware/templates/rescues/_request_and_response.html.erb (4.8ms)
  Rendered /opt/homebrew/lib/ruby/gems/2.6.0/gems/actionpack-4.2.11/lib/action_dispatch/middleware/templates/rescues/routing_error.html.erb within rescues/layout (21.3ms)
  Rendered /opt/homebrew/lib/ruby/gems/2.6.0/gems/web-console-2.3.0/lib/web_console/templates/_markup.html.erb (0.1ms)
  Rendered /opt/homebrew/lib/ruby/gems/2.6.0/gems/web-console-2.3.0/lib/web_console/templates/_inner_console_markup.html.erb within layouts/inlined_string (0.1ms)
  Rendered /opt/homebrew/lib/ruby/gems/2.6.0/gems/web-console-2.3.0/lib/web_console/templates/_prompt_box_markup.html.erb within layouts/inlined_string (0.1ms)
  Rendered /opt/homebrew/lib/ruby/gems/2.6.0/gems/web-console-2.3.0/lib/web_console/templates/style.css.erb within layouts/inlined_string (0.1ms)
  Rendered /opt/homebrew/lib/ruby/gems/2.6.0/gems/web-console-2.3.0/lib/web_console/templates/console.js.erb within layouts/javascript (8.6ms)
  Rendered /opt/homebrew/lib/ruby/gems/2.6.0/gems/web-console-2.3.0/lib/web_console/templates/main.js.erb within layouts/javascript (0.1ms)
  Rendered /opt/homebrew/lib/ruby/gems/2.6.0/gems/web-console-2.3.0/lib/web_console/templates/error_page.js.erb within layouts/javascript (0.2ms)
  Rendered /opt/homebrew/lib/ruby/gems/2.6.0/gems/web-console-2.3.0/lib/web_console/templates/index.html.erb (15.8ms)
  [1m[36mActiveRecord::SchemaMigration Load (0.0ms)[0m  [1mSELECT "schema_migrations".* FROM "schema_migrations"[0m
Migrating to CreateReviews (20221009174638)
  [1m[35m (0.0ms)[0m  begin transaction
  [1m[36m (0.2ms)[0m  [1mCREATE TABLE "reviews" ("id" INTEGER PRIMARY KEY AUTOINCREMENT NOT NULL, "potatoes" integer, "comments" text, "moviegoer_id" integer, "movies_id" integer) [0m
  [1m[35mSQL (0.2ms)[0m  INSERT INTO "schema_migrations" ("version") VALUES (?)  [["version", "20221009174638"]]
  [1m[36m (0.5ms)[0m  [1mcommit transaction[0m
Migrating to CreateMoviegoers (20221009175309)
  [1m[35m (0.0ms)[0m  begin transaction
  [1m[36m (0.1ms)[0m  [1mCREATE TABLE "moviegoers" ("id" INTEGER PRIMARY KEY AUTOINCREMENT NOT NULL, "username" text, "reviews_id" integer) [0m
  [1m[35mSQL (0.0ms)[0m  INSERT INTO "schema_migrations" ("version") VALUES (?)  [["version", "20221009175309"]]
  [1m[36m (0.2ms)[0m  [1mcommit transaction[0m
  [1m[35mActiveRecord::SchemaMigration Load (0.0ms)[0m  SELECT "schema_migrations".* FROM "schema_migrations"
  [1m[36m (0.5ms)[0m  [1mCREATE TABLE "moviegoers" ("id" INTEGER PRIMARY KEY AUTOINCREMENT NOT NULL, "username" text, "reviews_id" integer) [0m
  [1m[35m (0.3ms)[0m  CREATE TABLE "movies" ("id" INTEGER PRIMARY KEY AUTOINCREMENT NOT NULL, "title" varchar, "rating" varchar, "description" text, "release_date" datetime, "created_at" datetime, "updated_at" datetime) 
  [1m[36m (0.4ms)[0m  [1mCREATE TABLE "reviews" ("id" INTEGER PRIMARY KEY AUTOINCREMENT NOT NULL, "potatoes" integer, "comments" text, "moviegoer_id" integer, "movies_id" integer) [0m
  [1m[35m (0.4ms)[0m  CREATE TABLE "schema_migrations" ("version" varchar NOT NULL) 
  [1m[36m (0.0ms)[0m  [1mselect sqlite_version(*)[0m
  [1m[35m (0.3ms)[0m  CREATE UNIQUE INDEX "unique_schema_migrations" ON "schema_migrations" ("version")
  [1m[36m (0.0ms)[0m  [1mSELECT version FROM "schema_migrations"[0m
  [1m[35m (0.3ms)[0m  INSERT INTO "schema_migrations" (version) VALUES ('20221009175309')
  [1m[36m (0.3ms)[0m  [1mINSERT INTO "schema_migrations" (version) VALUES ('20221009174638')[0m
  [1m[35m (0.3ms)[0m  INSERT INTO "schema_migrations" (version) VALUES ('20150809022253')
  [1m[36m (0.3ms)[0m  [1mCREATE TABLE "moviegoers" ("id" INTEGER PRIMARY KEY AUTOINCREMENT NOT NULL, "username" text, "reviews_id" integer) [0m
  [1m[35m (0.3ms)[0m  CREATE TABLE "movies" ("id" INTEGER PRIMARY KEY AUTOINCREMENT NOT NULL, "title" varchar, "rating" varchar, "description" text, "release_date" datetime, "created_at" datetime, "updated_at" datetime) 
  [1m[36m (0.3ms)[0m  [1mCREATE TABLE "reviews" ("id" INTEGER PRIMARY KEY AUTOINCREMENT NOT NULL, "potatoes" integer, "comments" text, "moviegoer_id" integer, "movies_id" integer) [0m
  [1m[35m (0.2ms)[0m  CREATE TABLE "schema_migrations" ("version" varchar NOT NULL) 
  [1m[36m (0.0ms)[0m  [1mselect sqlite_version(*)[0m
  [1m[35m (0.3ms)[0m  CREATE UNIQUE INDEX "unique_schema_migrations" ON "schema_migrations" ("version")
  [1m[36m (0.0ms)[0m  [1mSELECT version FROM "schema_migrations"[0m
  [1m[35m (0.3ms)[0m  INSERT INTO "schema_migrations" (version) VALUES ('20221009175309')
  [1m[36m (0.3ms)[0m  [1mINSERT INTO "schema_migrations" (version) VALUES ('20221009174638')[0m
  [1m[35m (0.3ms)[0m  INSERT INTO "schema_migrations" (version) VALUES ('20150809022253')
  [1m[36mActiveRecord::SchemaMigration Load (0.0ms)[0m  [1mSELECT "schema_migrations".* FROM "schema_migrations"[0m
  [1m[35m (0.0ms)[0m  begin transaction
  [1m[36mSQL (0.2ms)[0m  [1mINSERT INTO "movies" ("title", "rating", "release_date", "created_at", "updated_at") VALUES (?, ?, ?, ?, ?)[0m  [["title", "Aladdin"], ["rating", "G"], ["release_date", "1992-11-25 00:00:00.000000"], ["created_at", "2022-10-09 18:01:10.130931"], ["updated_at", "2022-10-09 18:01:10.130931"]]
  [1m[35m (0.2ms)[0m  commit transaction
  [1m[36m (0.0ms)[0m  [1mbegin transaction[0m
  [1m[35mSQL (0.1ms)[0m  INSERT INTO "movies" ("title", "rating", "release_date", "created_at", "updated_at") VALUES (?, ?, ?, ?, ?)  [["title", "The Terminator"], ["rating", "R"], ["release_date", "1984-10-26 00:00:00.000000"], ["created_at", "2022-10-09 18:01:10.131926"], ["updated_at", "2022-10-09 18:01:10.131926"]]
  [1m[36m (0.2ms)[0m  [1mcommit transaction[0m
  [1m[35m (0.0ms)[0m  begin transaction
  [1m[36mSQL (0.1ms)[0m  [1mINSERT INTO "movies" ("title", "rating", "release_date", "created_at", "updated_at") VALUES (?, ?, ?, ?, ?)[0m  [["title", "When Harry Met Sally"], ["rating", "R"], ["release_date", "1989-07-21 00:00:00.000000"], ["created_at", "2022-10-09 18:01:10.132564"], ["updated_at", "2022-10-09 18:01:10.132564"]]
  [1m[35m (0.2ms)[0m  commit transaction
  [1m[36m (0.0ms)[0m  [1mbegin transaction[0m
  [1m[35mSQL (0.1ms)[0m  INSERT INTO "movies" ("title", "rating", "release_date", "created_at", "updated_at") VALUES (?, ?, ?, ?, ?)  [["title", "The Help"], ["rating", "PG-13"], ["release_date", "2011-08-10 00:00:00.000000"], ["created_at", "2022-10-09 18:01:10.133148"], ["updated_at", "2022-10-09 18:01:10.133148"]]
  [1m[36m (0.2ms)[0m  [1mcommit transaction[0m
  [1m[35m (0.0ms)[0m  begin transaction
  [1m[36mSQL (0.1ms)[0m  [1mINSERT INTO "movies" ("title", "rating", "release_date", "created_at", "updated_at") VALUES (?, ?, ?, ?, ?)[0m  [["title", "Chocolat"], ["rating", "PG-13"], ["release_date", "2001-01-05 00:00:00.000000"], ["created_at", "2022-10-09 18:01:10.133747"], ["updated_at", "2022-10-09 18:01:10.133747"]]
  [1m[35m (0.2ms)[0m  commit transaction
  [1m[36m (0.0ms)[0m  [1mbegin transaction[0m
  [1m[35mSQL (0.1ms)[0m  INSERT INTO "movies" ("title", "rating", "release_date", "created_at", "updated_at") VALUES (?, ?, ?, ?, ?)  [["title", "Amelie"], ["rating", "R"], ["release_date", "2001-04-25 00:00:00.000000"], ["created_at", "2022-10-09 18:01:10.134323"], ["updated_at", "2022-10-09 18:01:10.134323"]]
  [1m[36m (0.2ms)[0m  [1mcommit transaction[0m
  [1m[35m (0.0ms)[0m  begin transaction
  [1m[36mSQL (0.1ms)[0m  [1mINSERT INTO "movies" ("title", "rating", "release_date", "created_at", "updated_at") VALUES (?, ?, ?, ?, ?)[0m  [["title", "2001: A Space Odyssey"], ["rating", "G"], ["release_date", "1968-04-06 00:00:00.000000"], ["created_at", "2022-10-09 18:01:10.134878"], ["updated_at", "2022-10-09 18:01:10.134878"]]
  [1m[35m (0.2ms)[0m  commit transaction
  [1m[36m (0.0ms)[0m  [1mbegin transaction[0m
  [1m[35mSQL (0.1ms)[0m  INSERT INTO "movies" ("title", "rating", "release_date", "created_at", "updated_at") VALUES (?, ?, ?, ?, ?)  [["title", "The Incredibles"], ["rating", "PG"], ["release_date", "2004-11-05 00:00:00.000000"], ["created_at", "2022-10-09 18:01:10.135432"], ["updated_at", "2022-10-09 18:01:10.135432"]]
  [1m[36m (0.1ms)[0m  [1mcommit transaction[0m
  [1m[35m (0.0ms)[0m  begin transaction
  [1m[36mSQL (0.1ms)[0m  [1mINSERT INTO "movies" ("title", "rating", "release_date", "created_at", "updated_at") VALUES (?, ?, ?, ?, ?)[0m  [["title", "Raiders of the Lost Ark"], ["rating", "PG"], ["release_date", "1981-06-12 00:00:00.000000"], ["created_at", "2022-10-09 18:01:10.135967"], ["updated_at", "2022-10-09 18:01:10.135967"]]
  [1m[35m (0.2ms)[0m  commit transaction
  [1m[36m (0.0ms)[0m  [1mbegin transaction[0m
  [1m[35mSQL (0.1ms)[0m  INSERT INTO "movies" ("title", "rating", "release_date", "created_at", "updated_at") VALUES (?, ?, ?, ?, ?)  [["title", "Chicken Run"], ["rating", "G"], ["release_date", "2000-06-21 00:00:00.000000"], ["created_at", "2022-10-09 18:01:10.136574"], ["updated_at", "2022-10-09 18:01:10.136574"]]
  [1m[36m (0.2ms)[0m  [1mcommit transaction[0m


Started GET "/" for 127.0.0.1 at 2022-10-09 14:01:17 -0400
  [1m[36mActiveRecord::SchemaMigration Load (0.0ms)[0m  [1mSELECT "schema_migrations".* FROM "schema_migrations"[0m
Processing by MoviesController#index as HTML
  [1m[35m (0.0ms)[0m  SELECT "movies"."rating" FROM "movies"
  [1m[36mCACHE (0.0ms)[0m  [1mSELECT "movies"."rating" FROM "movies"[0m
  [1m[35mMovie Load (0.1ms)[0m  SELECT "movies".* FROM "movies" WHERE "movies"."rating" IN ('G', 'R', 'PG-13', 'PG')
  Rendered movies/index.html.erb within layouts/application (6.7ms)
  Rendered layouts/_flash.erb (0.2ms)
Completed 200 OK in 121ms (Views: 114.1ms | ActiveRecord: 0.4ms)


Started GET "/assets/application.self-e80e8f2318043e8af94dddc2adad5a4f09739a8ebb323b3ab31cd71d45fd9113.css?body=1" for 127.0.0.1 at 2022-10-09 14:01:18 -0400
